#
# There is insufficient memory for the Java Runtime Environment to continue.
# Native memory allocation (mmap) failed to map 134217728 bytes for G1 virtual space
# Possible reasons:
#   The system is out of physical RAM or swap space
#   The process is running with CompressedOops enabled, and the Java Heap may be blocking the growth of the native heap
# Possible solutions:
#   Reduce memory load on the system
#   Increase physical memory or swap space
#   Check if swap backing store is full
#   Decrease Java heap size (-Xmx/-Xms)
#   Decrease number of Java threads
#   Decrease Java thread stack sizes (-Xss)
#   Set larger code cache with -XX:ReservedCodeCacheSize=
#   JVM is running with Unscaled Compressed Oops mode in which the Java heap is
#     placed in the first 4GB address space. The Java Heap base address is the
#     maximum limit for the native heap growth. Please use -XX:HeapBaseMinAddress
#     to set the Java Heap base and to place the Java Heap above 4GB virtual address.
# This output file may be truncated or incomplete.
#
#  Out of Memory Error (os_windows.cpp:3541), pid=23428, tid=19808
#
# JRE version:  (17.0.4.1+9) (build )
# Java VM: OpenJDK 64-Bit Server VM (17.0.4.1+9-LTS, mixed mode, sharing, tiered, compressed oops, compressed class ptrs, g1 gc, windows-amd64)
# No core dump will be written. Minidumps are not enabled by default on client versions of Windows
#

---------------  S U M M A R Y ------------

Command Line: -javaagent:C:\Program Files\JetBrains\IntelliJ IDEA Community Edition 2021.2.2\lib\idea_rt.jar=55748:C:\Program Files\JetBrains\IntelliJ IDEA Community Edition 2021.2.2\bin -Dfile.encoding=UTF-8 com.takeandgo.takeandgo.TakeandgoApplication

Host: Intel(R) Core(TM) i7-8550U CPU @ 1.80GHz, 8 cores, 7G,  Windows 10 , 64 bit Build 19041 (10.0.19041.1889)
Time: Tue Jan 10 20:49:16 2023 GTB Standard Time elapsed time: 0.178008 seconds (0d 0h 0m 0s)

---------------  T H R E A D  ---------------

Current thread (0x000002124df98020):  JavaThread "Unknown thread" [_thread_in_vm, id=19808, stack(0x0000001fe5f00000,0x0000001fe6000000)]

Stack: [0x0000001fe5f00000,0x0000001fe6000000]
Native frames: (J=compiled Java code, j=interpreted, Vv=VM code, C=native code)
V  [jvm.dll+0x64724a]
V  [jvm.dll+0x7f87a4]
V  [jvm.dll+0x7f9f5e]
V  [jvm.dll+0x7fa5b3]
V  [jvm.dll+0x234ed8]
V  [jvm.dll+0x64418a]
V  [jvm.dll+0x638ab2]
V  [jvm.dll+0x2f3109]
V  [jvm.dll+0x2fa2e6]
V  [jvm.dll+0x345eaa]
V  [jvm.dll+0x3460ef]
V  [jvm.dll+0x2c95a8]
V  [jvm.dll+0x2ca539]
V  [jvm.dll+0x7cbdb1]
V  [jvm.dll+0x353391]
V  [jvm.dll+0x7ac18e]
V  [jvm.dll+0x3cec43]
V  [jvm.dll+0x3d0681]
C  [jli.dll+0x51af]
C  [ucrtbase.dll+0x21bb2]
C  [KERNEL32.DLL+0x17034]
C  [ntdll.dll+0x52651]


---------------  P R O C E S S  ---------------

Threads class SMR info:
_java_thread_list=0x00007ffadde26718, length=0, elements={
}

Java Threads: ( => current thread )

Other Threads:
  0x000002124dff3200 GCTaskThread "GC Thread#0" [stack: 0x0000001fe6000000,0x0000001fe6100000] [id=24224]
  0x000002124e003e00 ConcurrentGCThread "G1 Main Marker" [stack: 0x0000001fe6100000,0x0000001fe6200000] [id=20060]
  0x000002124e004810 ConcurrentGCThread "G1 Conc#0" [stack: 0x0000001fe6200000,0x0000001fe6300000] [id=26656]

[error occurred during error reporting (printing all threads), id 0xc0000005, EXCEPTION_ACCESS_VIOLATION (0xc0000005) at pc=0x00007ffadd61a797]

VM state: not at safepoint (not fully initialized)

VM Mutex/Monitor currently owned by a thread:  ([mutex/lock_event])
[0x000002124df944e0] Heap_lock - owner thread: 0x000002124df98020

Heap address: 0x0000000081a00000, size: 2022 MB, Compressed Oops mode: 32-bit

CDS archive(s) mapped at: [0x0000000000000000-0x0000000000000000-0x0000000000000000), size 0, SharedBaseAddress: 0x0000000800000000, ArchiveRelocationMode: 0.
Narrow klass base: 0x0000000000000000, Narrow klass shift: 0, Narrow klass range: 0x0

GC Precious Log:
<Empty>

Heap:
 garbage-first heap   total 0K, used 0K [0x0000000081a00000, 0x0000000100000000)
  region size 1024K, 0 young (0K), 0 survivors (0K)

[error occurred during error reporting (printing heap information), id 0xc0000005, EXCEPTION_ACCESS_VIOLATION (0xc0000005) at pc=0x00007ffadd9ded69]

GC Heap History (0 events):
No events

Deoptimization events (0 events):
No events

Classes unloaded (0 events):
No events

Classes redefined (0 events):
No events

Internal exceptions (0 events):
No events

VM Operations (0 events):
No events

Events (1 events):
Event: 0.140 Loaded shared library C:\Users\poppa\.jdks\corretto-17.0.4.1\bin\java.dll


Dynamic libraries:
0x00007ff7e3910000 - 0x00007ff7e391d000 	C:\Users\poppa\.jdks\corretto-17.0.4.1\bin\java.exe
0x00007ffb67170000 - 0x00007ffb67368000 	C:\Windows\SYSTEM32\ntdll.dll
0x00007ffb327f0000 - 0x00007ffb32807000 	C:\Program Files\Avast Software\Avast\aswhook.dll
0x00007ffb66b50000 - 0x00007ffb66c0d000 	C:\Windows\System32\KERNEL32.DLL
0x00007ffb64d10000 - 0x00007ffb64fde000 	C:\Windows\System32\KERNELBASE.dll
0x00007ffb648e0000 - 0x00007ffb649e0000 	C:\Windows\System32\ucrtbase.dll
0x00007ffb607c0000 - 0x00007ffb607d8000 	C:\Users\poppa\.jdks\corretto-17.0.4.1\bin\jli.dll
0x00007ffb668e0000 - 0x00007ffb66a80000 	C:\Windows\System32\USER32.dll
0x00007ffb64a10000 - 0x00007ffb64a32000 	C:\Windows\System32\win32u.dll
0x00007ffb66780000 - 0x00007ffb667aa000 	C:\Windows\System32\GDI32.dll
0x00007ffb64ab0000 - 0x00007ffb64bbb000 	C:\Windows\System32\gdi32full.dll
0x00007ffb64bc0000 - 0x00007ffb64c5d000 	C:\Windows\System32\msvcp_win.dll
0x00007ffb60710000 - 0x00007ffb60725000 	C:\Users\poppa\.jdks\corretto-17.0.4.1\bin\VCRUNTIME140.dll
0x00007ffb49830000 - 0x00007ffb49aca000 	C:\Windows\WinSxS\amd64_microsoft.windows.common-controls_6595b64144ccf1df_6.0.19041.1110_none_60b5254171f9507e\COMCTL32.dll
0x00007ffb66ab0000 - 0x00007ffb66b4e000 	C:\Windows\System32\msvcrt.dll
0x00007ffb66a80000 - 0x00007ffb66ab0000 	C:\Windows\System32\IMM32.DLL
0x00007ffb2b240000 - 0x00007ffb2b2db000 	C:\Users\poppa\.jdks\corretto-17.0.4.1\bin\msvcp140.dll
0x00007ffadd340000 - 0x00007ffaddf54000 	C:\Users\poppa\.jdks\corretto-17.0.4.1\bin\server\jvm.dll
0x00007ffb653d0000 - 0x00007ffb6547e000 	C:\Windows\System32\ADVAPI32.dll
0x00007ffb67080000 - 0x00007ffb6711c000 	C:\Windows\System32\sechost.dll
0x00007ffb65ca0000 - 0x00007ffb65dc5000 	C:\Windows\System32\RPCRT4.dll
0x00007ffb66770000 - 0x00007ffb66778000 	C:\Windows\System32\PSAPI.DLL
0x00007ffb4c150000 - 0x00007ffb4c159000 	C:\Windows\SYSTEM32\WSOCK32.dll
0x00007ffb66650000 - 0x00007ffb666bb000 	C:\Windows\System32\WS2_32.dll
0x00007ffb49b70000 - 0x00007ffb49b97000 	C:\Windows\SYSTEM32\WINMM.dll
0x00007ffb5e440000 - 0x00007ffb5e44a000 	C:\Windows\SYSTEM32\VERSION.dll
0x00007ffb62790000 - 0x00007ffb627a2000 	C:\Windows\SYSTEM32\kernel.appcore.dll
0x00007ffb60700000 - 0x00007ffb6070a000 	C:\Users\poppa\.jdks\corretto-17.0.4.1\bin\jimage.dll
0x00007ffb5a5f0000 - 0x00007ffb5a7d4000 	C:\Windows\SYSTEM32\DBGHELP.DLL
0x00007ffb5a590000 - 0x00007ffb5a5bc000 	C:\Windows\SYSTEM32\dbgcore.DLL
0x00007ffb65140000 - 0x00007ffb651c2000 	C:\Windows\System32\bcryptPrimitives.dll
0x00007ffb606f0000 - 0x00007ffb606fe000 	C:\Users\poppa\.jdks\corretto-17.0.4.1\bin\instrument.dll
0x00007ffb5a4c0000 - 0x00007ffb5a4e5000 	C:\Users\poppa\.jdks\corretto-17.0.4.1\bin\java.dll

dbghelp: loaded successfully - version: 4.0.5 - missing functions: none
symbol engine: initialized successfully - sym options: 0x614 - pdb path: .;C:\Users\poppa\.jdks\corretto-17.0.4.1\bin;C:\Windows\SYSTEM32;C:\Program Files\Avast Software\Avast;C:\Windows\WinSxS\amd64_microsoft.windows.common-controls_6595b64144ccf1df_6.0.19041.1110_none_60b5254171f9507e;C:\Users\poppa\.jdks\corretto-17.0.4.1\bin\server

VM Arguments:
jvm_args: -javaagent:C:\Program Files\JetBrains\IntelliJ IDEA Community Edition 2021.2.2\lib\idea_rt.jar=55748:C:\Program Files\JetBrains\IntelliJ IDEA Community Edition 2021.2.2\bin -Dfile.encoding=UTF-8 
java_command: com.takeandgo.takeandgo.TakeandgoApplication
java_class_path (initial): C:\Users\poppa\projects\MSAproject\target\classes;C:\Users\poppa\.m2\repository\org\springframework\boot\spring-boot-starter-data-jpa\2.7.4\spring-boot-starter-data-jpa-2.7.4.jar;C:\Users\poppa\.m2\repository\org\springframework\boot\spring-boot-starter-aop\2.7.4\spring-boot-starter-aop-2.7.4.jar;C:\Users\poppa\.m2\repository\org\springframework\spring-aop\5.3.23\spring-aop-5.3.23.jar;C:\Users\poppa\.m2\repository\org\aspectj\aspectjweaver\1.9.7\aspectjweaver-1.9.7.jar;C:\Users\poppa\.m2\repository\org\springframework\boot\spring-boot-starter-jdbc\2.7.4\spring-boot-starter-jdbc-2.7.4.jar;C:\Users\poppa\.m2\repository\com\zaxxer\HikariCP\4.0.3\HikariCP-4.0.3.jar;C:\Users\poppa\.m2\repository\org\springframework\spring-jdbc\5.3.23\spring-jdbc-5.3.23.jar;C:\Users\poppa\.m2\repository\jakarta\transaction\jakarta.transaction-api\1.3.3\jakarta.transaction-api-1.3.3.jar;C:\Users\poppa\.m2\repository\jakarta\persistence\jakarta.persistence-api\2.2.3\jakarta.persistence-api-2.2.3.jar;C:\Users\poppa\.m2\repository\org\hibernate\hibernate-core\5.6.11.Final\hibernate-core-5.6.11.Final.jar;C:\Users\poppa\.m2\repository\org\jboss\logging\jboss-logging\3.4.3.Final\jboss-logging-3.4.3.Final.jar;C:\Users\poppa\.m2\repository\net\bytebuddy\byte-buddy\1.12.17\byte-buddy-1.12.17.jar;C:\Users\poppa\.m2\repository\antlr\antlr\2.7.7\antlr-2.7.7.jar;C:\Users\poppa\.m2\repository\org\jboss\jandex\2.4.2.Final\jandex-2.4.2.Final.jar;C:\Users\poppa\.m2\repository\com\fasterxml\classmate\1.5.1\classmate-1.5.1.jar;C:\Users\poppa\.m2\repository\org\hibernate\common\hibernate-commons-annotations\5.1.2.Final\hibernate-commons-annotations-5.1.2.Final.jar;C:\Users\poppa\.m2\repository\org\glassfish\jaxb\jaxb-runtime\2.3.6\jaxb-runtime-2.3.6.jar;C:\Users\poppa\.m2\repository\org\glassfish\jaxb\txw2\2.3.6\txw2-2.3.6.jar;C:\Users\poppa\.m2\repository\com\sun\istack\istack-commons-runtime\3.0.12\istack-commons-runtime-3.0.12.jar;C:\Users\poppa\.m2\repository\com\sun\activatio
Launcher Type: SUN_STANDARD

[Global flags]
     intx CICompilerCount                          = 4                                         {product} {ergonomic}
     uint ConcGCThreads                            = 2                                         {product} {ergonomic}
     uint G1ConcRefinementThreads                  = 8                                         {product} {ergonomic}
   size_t G1HeapRegionSize                         = 1048576                                   {product} {ergonomic}
    uintx GCDrainStackTargetSize                   = 64                                        {product} {ergonomic}
   size_t InitialHeapSize                          = 134217728                                 {product} {ergonomic}
   size_t MarkStackSize                            = 4194304                                   {product} {ergonomic}
   size_t MaxHeapSize                              = 2120220672                                {product} {ergonomic}
   size_t MinHeapDeltaBytes                        = 1048576                                   {product} {ergonomic}
   size_t MinHeapSize                              = 8388608                                   {product} {ergonomic}
    uintx NonNMethodCodeHeapSize                   = 5839372                                {pd product} {ergonomic}
    uintx NonProfiledCodeHeapSize                  = 122909434                              {pd product} {ergonomic}
    uintx ProfiledCodeHeapSize                     = 122909434                              {pd product} {ergonomic}
    uintx ReservedCodeCacheSize                    = 251658240                              {pd product} {ergonomic}
     bool SegmentedCodeCache                       = true                                      {product} {ergonomic}
   size_t SoftMaxHeapSize                          = 2120220672                             {manageable} {ergonomic}
     bool UseCompressedClassPointers               = true                           {product lp64_product} {ergonomic}
     bool UseCompressedOops                        = true                           {product lp64_product} {ergonomic}
     bool UseG1GC                                  = true                                      {product} {ergonomic}
     bool UseLargePagesIndividualAllocation        = false                                  {pd product} {ergonomic}

Logging:
Log output configuration:
 #0: stdout all=warning uptime,level,tags
 #1: stderr all=off uptime,level,tags

Environment Variables:
JAVA_HOME=C:\Program Files\Java\jdk-16.0.2
PATH=C:\Python311\Scripts\;C:\Python311\;C:\Program Files\Java\jdk-16.0.2\bin;C:\Python310\Scripts\;C:\Python310\;C:\Program Files\Common Files\Oracle\Java\javapath;C:\Program Files\CodeBlocks\MinGW\bin;C:\Windows\system32;C:\Windows;C:\Windows\System32\Wbem;C:\Windows\System32\WindowsPowerShell\v1.0\;C:\Windows\System32\OpenSSH\;C:\ProgramData\chocolatey\bin;C:\Program Files\Git\cmd;D:\node_modules\npm\bin;C:\Program Files\nodejs\;C:\Users\poppa\AppData\Local\Microsoft\WindowsApps;C:\Users\poppa\AppData\Local\Programs\Microsoft VS Code\bin;C:\Program Files\Git\cmd;C:\Users\poppa\AppData\Roaming\npm
USERNAME=poppa
OS=Windows_NT
PROCESSOR_IDENTIFIER=Intel64 Family 6 Model 142 Stepping 10, GenuineIntel
TMP=C:\Users\poppa\AppData\Local\Temp
TEMP=C:\Users\poppa\AppData\Local\Temp



---------------  S Y S T E M  ---------------

OS:
 Windows 10 , 64 bit Build 19041 (10.0.19041.1889)
OS uptime: 29 days 21:08 hours

CPU: total 8 (initial active 8) (4 cores per cpu, 2 threads per core) family 6 model 142 stepping 10 microcode 0xb4, cx8, cmov, fxsr, ht, mmx, 3dnowpref, sse, sse2, sse3, ssse3, sse4.1, sse4.2, popcnt, lzcnt, tsc, tscinvbit, avx, avx2, aes, erms, clmul, bmi1, bmi2, adx, fma, vzeroupper, clflush, clflushopt

Memory: 4k page, system-wide physical 8083M (99M free)
TotalPageFile size 32659M (AvailPageFile size 9M)
current process WorkingSet (physical memory assigned to process): 10M, peak: 10M
current process commit charge ("private bytes"): 60M, peak: 188M

vm_info: OpenJDK 64-Bit Server VM (17.0.4.1+9-LTS) for windows-amd64 JRE (17.0.4.1+9-LTS), built on Aug 12 2022 17:33:36 by "Administrator" with MS VC++ 15.9 (VS2017)

END.
